2024-06-13 11:24:04,794 INFO o.a.j.u.JMeterUtils: Setting Locale to en_IN
2024-06-13 11:24:04,821 INFO o.a.j.JMeter: Loading user properties from: user.properties
2024-06-13 11:24:04,823 INFO o.a.j.JMeter: Loading system properties from: system.properties
2024-06-13 11:24:04,831 INFO o.a.j.JMeter: Copyright (c) 1998-2024 The Apache Software Foundation
2024-06-13 11:24:04,832 INFO o.a.j.JMeter: Version 5.6.3
2024-06-13 11:24:04,832 INFO o.a.j.JMeter: java.version=21.0.3
2024-06-13 11:24:04,832 INFO o.a.j.JMeter: java.vm.name=Java HotSpot(TM) 64-Bit Server VM
2024-06-13 11:24:04,832 INFO o.a.j.JMeter: os.name=Windows 11
2024-06-13 11:24:04,832 INFO o.a.j.JMeter: os.arch=amd64
2024-06-13 11:24:04,832 INFO o.a.j.JMeter: os.version=10.0
2024-06-13 11:24:04,832 INFO o.a.j.JMeter: file.encoding=UTF-8
2024-06-13 11:24:04,833 INFO o.a.j.JMeter: java.awt.headless=null
2024-06-13 11:24:04,833 INFO o.a.j.JMeter: Max memory     =2061500416
2024-06-13 11:24:04,833 INFO o.a.j.JMeter: Available Processors =8
2024-06-13 11:24:04,848 INFO o.a.j.JMeter: Default Locale=English (India)
2024-06-13 11:24:04,848 INFO o.a.j.JMeter: JMeter  Locale=English (India)
2024-06-13 11:24:04,848 INFO o.a.j.JMeter: JMeterHome=C:\Users\amitd\OneDrive\Desktop\apache-jmeter-5.6.3\apache-jmeter-5.6.3
2024-06-13 11:24:04,848 INFO o.a.j.JMeter: user.dir  =C:\Users\amitd\OneDrive\Desktop\apache-jmeter-5.6.3\apache-jmeter-5.6.3\bin
2024-06-13 11:24:04,849 INFO o.a.j.JMeter: PWD       =C:\Users\amitd\OneDrive\Desktop\apache-jmeter-5.6.3\apache-jmeter-5.6.3\bin
2024-06-13 11:24:04,852 INFO o.a.j.JMeter: IP: 192.168.243.78 Name: AmithDas FullName: AmithDas
2024-06-13 11:24:04,872 INFO o.a.j.JMeter: Loaded icon properties from org/apache/jmeter/images/icon.properties
2024-06-13 11:24:05,147 INFO o.a.j.JMeterGuiLauncher: Setting LAF to: com.github.weisj.darklaf.DarkLaf:com.github.weisj.darklaf.theme.IntelliJTheme
2024-06-13 11:24:06,447 INFO o.a.j.r.ClassFinder: Will scan jar C:\Users\amitd\OneDrive\Desktop\apache-jmeter-5.6.3\apache-jmeter-5.6.3\lib\ext\jmeter-parallel-0.12.jar with filter ExtendsClassFilter [parents=[interface org.apache.jmeter.gui.action.Command], inner=false, contains=null, notContains=null]. Consider exposing JMeter plugins via META-INF/services, and add JMeter-Skip-Class-Scanning=true manifest attribute so JMeter can skip classfile scanning
2024-06-13 11:24:06,460 INFO o.a.j.r.ClassFinder: Will scan jar C:\Users\amitd\OneDrive\Desktop\apache-jmeter-5.6.3\apache-jmeter-5.6.3\lib\ext\jmeter-plugins-functions-2.2.jar with filter ExtendsClassFilter [parents=[interface org.apache.jmeter.gui.action.Command], inner=false, contains=null, notContains=null]. Consider exposing JMeter plugins via META-INF/services, and add JMeter-Skip-Class-Scanning=true manifest attribute so JMeter can skip classfile scanning
2024-06-13 11:24:06,463 INFO o.a.j.r.ClassFinder: Will scan jar C:\Users\amitd\OneDrive\Desktop\apache-jmeter-5.6.3\apache-jmeter-5.6.3\lib\ext\jmeter-plugins-manager-1.10.jar with filter ExtendsClassFilter [parents=[interface org.apache.jmeter.gui.action.Command], inner=false, contains=null, notContains=null]. Consider exposing JMeter plugins via META-INF/services, and add JMeter-Skip-Class-Scanning=true manifest attribute so JMeter can skip classfile scanning
2024-06-13 11:24:06,565 INFO o.a.j.r.ClassFinder: Will scan jar C:\Users\amitd\OneDrive\Desktop\apache-jmeter-5.6.3\apache-jmeter-5.6.3\lib\ext\jmeter-plugins-dummy-0.4.jar with filter ExtendsClassFilter [parents=[interface org.apache.jmeter.gui.action.Command], inner=false, contains=null, notContains=null]. Consider exposing JMeter plugins via META-INF/services, and add JMeter-Skip-Class-Scanning=true manifest attribute so JMeter can skip classfile scanning
2024-06-13 11:24:06,573 INFO o.a.j.r.ClassFinder: Will scan jar C:\Users\amitd\OneDrive\Desktop\apache-jmeter-5.6.3\apache-jmeter-5.6.3\lib\ext\jmeter-plugins-manager-1.10 (1).jar with filter ExtendsClassFilter [parents=[interface org.apache.jmeter.gui.action.Command], inner=false, contains=null, notContains=null]. Consider exposing JMeter plugins via META-INF/services, and add JMeter-Skip-Class-Scanning=true manifest attribute so JMeter can skip classfile scanning
2024-06-13 11:24:06,660 INFO o.a.j.r.ClassFinder: Will scan jar C:\Users\amitd\OneDrive\Desktop\apache-jmeter-5.6.3\apache-jmeter-5.6.3\lib\ext\jmeter-parallel-0.12.jar with filter ExtendsClassFilter [parents=[interface org.apache.jmeter.gui.plugin.MenuCreator], inner=false, contains=null, notContains=null]. Consider exposing JMeter plugins via META-INF/services, and add JMeter-Skip-Class-Scanning=true manifest attribute so JMeter can skip classfile scanning
2024-06-13 11:24:06,661 INFO o.a.j.r.ClassFinder: Will scan jar C:\Users\amitd\OneDrive\Desktop\apache-jmeter-5.6.3\apache-jmeter-5.6.3\lib\ext\jmeter-plugins-functions-2.2.jar with filter ExtendsClassFilter [parents=[interface org.apache.jmeter.gui.plugin.MenuCreator], inner=false, contains=null, notContains=null]. Consider exposing JMeter plugins via META-INF/services, and add JMeter-Skip-Class-Scanning=true manifest attribute so JMeter can skip classfile scanning
2024-06-13 11:24:06,662 INFO o.a.j.r.ClassFinder: Will scan jar C:\Users\amitd\OneDrive\Desktop\apache-jmeter-5.6.3\apache-jmeter-5.6.3\lib\ext\jmeter-plugins-manager-1.10.jar with filter ExtendsClassFilter [parents=[interface org.apache.jmeter.gui.plugin.MenuCreator], inner=false, contains=null, notContains=null]. Consider exposing JMeter plugins via META-INF/services, and add JMeter-Skip-Class-Scanning=true manifest attribute so JMeter can skip classfile scanning
2024-06-13 11:24:06,664 INFO o.a.j.r.ClassFinder: Will scan jar C:\Users\amitd\OneDrive\Desktop\apache-jmeter-5.6.3\apache-jmeter-5.6.3\lib\ext\jmeter-plugins-dummy-0.4.jar with filter ExtendsClassFilter [parents=[interface org.apache.jmeter.gui.plugin.MenuCreator], inner=false, contains=null, notContains=null]. Consider exposing JMeter plugins via META-INF/services, and add JMeter-Skip-Class-Scanning=true manifest attribute so JMeter can skip classfile scanning
2024-06-13 11:24:06,666 INFO o.a.j.r.ClassFinder: Will scan jar C:\Users\amitd\OneDrive\Desktop\apache-jmeter-5.6.3\apache-jmeter-5.6.3\lib\ext\jmeter-plugins-manager-1.10 (1).jar with filter ExtendsClassFilter [parents=[interface org.apache.jmeter.gui.plugin.MenuCreator], inner=false, contains=null, notContains=null]. Consider exposing JMeter plugins via META-INF/services, and add JMeter-Skip-Class-Scanning=true manifest attribute so JMeter can skip classfile scanning
2024-06-13 11:24:06,729 WARN o.j.r.PluginManager: Found JAR conflict: C:\Users\amitd\OneDrive\Desktop\apache-jmeter-5.6.3\apache-jmeter-5.6.3\lib\ext\jmeter-plugins-manager-1.10.jar and C:\Users\amitd\OneDrive\Desktop\apache-jmeter-5.6.3\apache-jmeter-5.6.3\lib\ext\jmeter-plugins-manager-1.10 (1).jar
2024-06-13 11:24:06,803 INFO o.j.r.JARSourceHTTP: Found cached repo
2024-06-13 11:24:07,062 INFO o.j.r.PluginManager: Plugins Status: [jpgc-functions=2.2, jpgc-dummy=0.4, bzm-parallel=0.12, jpgc-plugins-manager=0.0.0-STOCK, jmeter-core=5.6.3, jmeter-ftp=5.6.3, jmeter-http=5.6.3, jmeter-jdbc=5.6.3, jmeter-jms=5.6.3, jmeter-junit=5.6.3, jmeter-java=5.6.3, jmeter-ldap=5.6.3, jmeter-mail=5.6.3, jmeter-mongodb=5.6.3, jmeter-native=5.6.3, jmeter-tcp=5.6.3, jmeter-components=5.6.3]
2024-06-13 11:24:07,063 INFO o.j.r.PluginManagerMenuItem: Plugins Manager has upgrades: [jpgc-plugins-manager]
2024-06-13 11:24:09,029 INFO o.a.j.p.h.s.HTTPSamplerBase: Parser for text/html is org.apache.jmeter.protocol.http.parser.LagartoBasedHtmlParser
2024-06-13 11:24:09,029 INFO o.a.j.p.h.s.HTTPSamplerBase: Parser for application/xhtml+xml is org.apache.jmeter.protocol.http.parser.LagartoBasedHtmlParser
2024-06-13 11:24:09,029 INFO o.a.j.p.h.s.HTTPSamplerBase: Parser for application/xml is org.apache.jmeter.protocol.http.parser.LagartoBasedHtmlParser
2024-06-13 11:24:09,029 INFO o.a.j.p.h.s.HTTPSamplerBase: Parser for text/xml is org.apache.jmeter.protocol.http.parser.LagartoBasedHtmlParser
2024-06-13 11:24:09,029 INFO o.a.j.p.h.s.HTTPSamplerBase: Parser for text/vnd.wap.wml is org.apache.jmeter.protocol.http.parser.RegexpHTMLParser
2024-06-13 11:24:09,029 INFO o.a.j.p.h.s.HTTPSamplerBase: Parser for text/css is org.apache.jmeter.protocol.http.parser.CssParser
2024-06-13 11:24:16,458 INFO o.a.j.s.FileServer: Default base='C:\Users\amitd\OneDrive\Desktop\apache-jmeter-5.6.3\apache-jmeter-5.6.3\bin'
2024-06-13 11:24:16,462 INFO o.a.j.g.a.Load: Loading file: C:\Users\amitd\OneDrive\Desktop\apache-jmeter-5.6.3\apache-jmeter-5.6.3\bin\interview.jmx
2024-06-13 11:24:16,462 INFO o.a.j.s.FileServer: Set new base='C:\Users\amitd\OneDrive\Desktop\apache-jmeter-5.6.3\apache-jmeter-5.6.3\bin'
2024-06-13 11:24:16,877 INFO o.a.j.s.SaveService: Testplan (JMX) version: 2.2. Testlog (JTL) version: 2.2
2024-06-13 11:24:16,890 INFO o.a.j.s.SaveService: Using SaveService properties version 5.0
2024-06-13 11:24:16,892 INFO o.a.j.s.SaveService: Using SaveService properties file encoding UTF-8
2024-06-13 11:24:16,895 INFO o.a.j.s.SaveService: Loading file: C:\Users\amitd\OneDrive\Desktop\apache-jmeter-5.6.3\apache-jmeter-5.6.3\bin\interview.jmx
2024-06-13 11:24:17,045 INFO o.a.j.p.h.c.CookieManager: Settings: Delete null: true Check: true Allow variable: true Save: false Prefix: COOKIE_
2024-06-13 11:24:17,048 INFO o.a.j.p.h.c.CacheManager: Will only cache the following methods: [GET]
2024-06-13 11:24:17,428 INFO o.a.j.e.KeyToolUtils: keytool found at 'keytool'
2024-06-13 11:24:17,429 INFO o.a.j.p.h.p.ProxyControl: HTTP(S) Test Script Recorder SSL Proxy will use keys that support embedded 3rd party resources in file C:\Users\amitd\OneDrive\Desktop\apache-jmeter-5.6.3\apache-jmeter-5.6.3\bin\proxyserver.jks
2024-06-13 11:24:17,781 INFO o.a.j.s.SampleResult: Note: Sample TimeStamps are START times
2024-06-13 11:24:17,781 INFO o.a.j.s.SampleResult: sampleresult.default.encoding is set to UTF-8
2024-06-13 11:24:17,781 INFO o.a.j.s.SampleResult: sampleresult.useNanoTime=true
2024-06-13 11:24:17,781 INFO o.a.j.s.SampleResult: sampleresult.nanoThreadSleep=5000
2024-06-13 11:24:17,937 INFO o.a.j.r.ClassFinder: Will scan jar C:\Users\amitd\OneDrive\Desktop\apache-jmeter-5.6.3\apache-jmeter-5.6.3\lib\ext\jmeter-parallel-0.12.jar with filter ExtendsClassFilter [parents=[interface org.apache.jmeter.visualizers.ResultRenderer], inner=false, contains=null, notContains=null]. Consider exposing JMeter plugins via META-INF/services, and add JMeter-Skip-Class-Scanning=true manifest attribute so JMeter can skip classfile scanning
2024-06-13 11:24:17,939 INFO o.a.j.r.ClassFinder: Will scan jar C:\Users\amitd\OneDrive\Desktop\apache-jmeter-5.6.3\apache-jmeter-5.6.3\lib\ext\jmeter-plugins-functions-2.2.jar with filter ExtendsClassFilter [parents=[interface org.apache.jmeter.visualizers.ResultRenderer], inner=false, contains=null, notContains=null]. Consider exposing JMeter plugins via META-INF/services, and add JMeter-Skip-Class-Scanning=true manifest attribute so JMeter can skip classfile scanning
2024-06-13 11:24:17,939 INFO o.a.j.r.ClassFinder: Will scan jar C:\Users\amitd\OneDrive\Desktop\apache-jmeter-5.6.3\apache-jmeter-5.6.3\lib\ext\jmeter-plugins-manager-1.10.jar with filter ExtendsClassFilter [parents=[interface org.apache.jmeter.visualizers.ResultRenderer], inner=false, contains=null, notContains=null]. Consider exposing JMeter plugins via META-INF/services, and add JMeter-Skip-Class-Scanning=true manifest attribute so JMeter can skip classfile scanning
2024-06-13 11:24:17,942 INFO o.a.j.r.ClassFinder: Will scan jar C:\Users\amitd\OneDrive\Desktop\apache-jmeter-5.6.3\apache-jmeter-5.6.3\lib\ext\jmeter-plugins-dummy-0.4.jar with filter ExtendsClassFilter [parents=[interface org.apache.jmeter.visualizers.ResultRenderer], inner=false, contains=null, notContains=null]. Consider exposing JMeter plugins via META-INF/services, and add JMeter-Skip-Class-Scanning=true manifest attribute so JMeter can skip classfile scanning
2024-06-13 11:24:17,944 INFO o.a.j.r.ClassFinder: Will scan jar C:\Users\amitd\OneDrive\Desktop\apache-jmeter-5.6.3\apache-jmeter-5.6.3\lib\ext\jmeter-plugins-manager-1.10 (1).jar with filter ExtendsClassFilter [parents=[interface org.apache.jmeter.visualizers.ResultRenderer], inner=false, contains=null, notContains=null]. Consider exposing JMeter plugins via META-INF/services, and add JMeter-Skip-Class-Scanning=true manifest attribute so JMeter can skip classfile scanning
2024-06-13 11:24:17,975 INFO o.a.j.r.ClassFinder: Will scan jar C:\Users\amitd\OneDrive\Desktop\apache-jmeter-5.6.3\apache-jmeter-5.6.3\lib\ext\jmeter-parallel-0.12.jar with filter ExtendsClassFilter [parents=[interface org.apache.jmeter.visualizers.RequestView], inner=false, contains=null, notContains=null]. Consider exposing JMeter plugins via META-INF/services, and add JMeter-Skip-Class-Scanning=true manifest attribute so JMeter can skip classfile scanning
2024-06-13 11:24:17,976 INFO o.a.j.r.ClassFinder: Will scan jar C:\Users\amitd\OneDrive\Desktop\apache-jmeter-5.6.3\apache-jmeter-5.6.3\lib\ext\jmeter-plugins-functions-2.2.jar with filter ExtendsClassFilter [parents=[interface org.apache.jmeter.visualizers.RequestView], inner=false, contains=null, notContains=null]. Consider exposing JMeter plugins via META-INF/services, and add JMeter-Skip-Class-Scanning=true manifest attribute so JMeter can skip classfile scanning
2024-06-13 11:24:17,977 INFO o.a.j.r.ClassFinder: Will scan jar C:\Users\amitd\OneDrive\Desktop\apache-jmeter-5.6.3\apache-jmeter-5.6.3\lib\ext\jmeter-plugins-manager-1.10.jar with filter ExtendsClassFilter [parents=[interface org.apache.jmeter.visualizers.RequestView], inner=false, contains=null, notContains=null]. Consider exposing JMeter plugins via META-INF/services, and add JMeter-Skip-Class-Scanning=true manifest attribute so JMeter can skip classfile scanning
2024-06-13 11:24:17,979 INFO o.a.j.r.ClassFinder: Will scan jar C:\Users\amitd\OneDrive\Desktop\apache-jmeter-5.6.3\apache-jmeter-5.6.3\lib\ext\jmeter-plugins-dummy-0.4.jar with filter ExtendsClassFilter [parents=[interface org.apache.jmeter.visualizers.RequestView], inner=false, contains=null, notContains=null]. Consider exposing JMeter plugins via META-INF/services, and add JMeter-Skip-Class-Scanning=true manifest attribute so JMeter can skip classfile scanning
2024-06-13 11:24:17,980 INFO o.a.j.r.ClassFinder: Will scan jar C:\Users\amitd\OneDrive\Desktop\apache-jmeter-5.6.3\apache-jmeter-5.6.3\lib\ext\jmeter-plugins-manager-1.10 (1).jar with filter ExtendsClassFilter [parents=[interface org.apache.jmeter.visualizers.RequestView], inner=false, contains=null, notContains=null]. Consider exposing JMeter plugins via META-INF/services, and add JMeter-Skip-Class-Scanning=true manifest attribute so JMeter can skip classfile scanning
2024-06-13 11:24:18,124 INFO o.a.j.r.ClassFinder: Will scan jar C:\Users\amitd\OneDrive\Desktop\apache-jmeter-5.6.3\apache-jmeter-5.6.3\lib\ext\jmeter-parallel-0.12.jar with filter ExtendsClassFilter [parents=[interface org.apache.jmeter.visualizers.ResultRenderer], inner=false, contains=null, notContains=null]. Consider exposing JMeter plugins via META-INF/services, and add JMeter-Skip-Class-Scanning=true manifest attribute so JMeter can skip classfile scanning
2024-06-13 11:24:18,125 INFO o.a.j.r.ClassFinder: Will scan jar C:\Users\amitd\OneDrive\Desktop\apache-jmeter-5.6.3\apache-jmeter-5.6.3\lib\ext\jmeter-plugins-functions-2.2.jar with filter ExtendsClassFilter [parents=[interface org.apache.jmeter.visualizers.ResultRenderer], inner=false, contains=null, notContains=null]. Consider exposing JMeter plugins via META-INF/services, and add JMeter-Skip-Class-Scanning=true manifest attribute so JMeter can skip classfile scanning
2024-06-13 11:24:18,126 INFO o.a.j.r.ClassFinder: Will scan jar C:\Users\amitd\OneDrive\Desktop\apache-jmeter-5.6.3\apache-jmeter-5.6.3\lib\ext\jmeter-plugins-manager-1.10.jar with filter ExtendsClassFilter [parents=[interface org.apache.jmeter.visualizers.ResultRenderer], inner=false, contains=null, notContains=null]. Consider exposing JMeter plugins via META-INF/services, and add JMeter-Skip-Class-Scanning=true manifest attribute so JMeter can skip classfile scanning
2024-06-13 11:24:18,130 INFO o.a.j.r.ClassFinder: Will scan jar C:\Users\amitd\OneDrive\Desktop\apache-jmeter-5.6.3\apache-jmeter-5.6.3\lib\ext\jmeter-plugins-dummy-0.4.jar with filter ExtendsClassFilter [parents=[interface org.apache.jmeter.visualizers.ResultRenderer], inner=false, contains=null, notContains=null]. Consider exposing JMeter plugins via META-INF/services, and add JMeter-Skip-Class-Scanning=true manifest attribute so JMeter can skip classfile scanning
2024-06-13 11:24:18,132 INFO o.a.j.r.ClassFinder: Will scan jar C:\Users\amitd\OneDrive\Desktop\apache-jmeter-5.6.3\apache-jmeter-5.6.3\lib\ext\jmeter-plugins-manager-1.10 (1).jar with filter ExtendsClassFilter [parents=[interface org.apache.jmeter.visualizers.ResultRenderer], inner=false, contains=null, notContains=null]. Consider exposing JMeter plugins via META-INF/services, and add JMeter-Skip-Class-Scanning=true manifest attribute so JMeter can skip classfile scanning
2024-06-13 11:24:18,149 INFO o.a.j.r.ClassFinder: Will scan jar C:\Users\amitd\OneDrive\Desktop\apache-jmeter-5.6.3\apache-jmeter-5.6.3\lib\ext\jmeter-parallel-0.12.jar with filter ExtendsClassFilter [parents=[interface org.apache.jmeter.visualizers.RequestView], inner=false, contains=null, notContains=null]. Consider exposing JMeter plugins via META-INF/services, and add JMeter-Skip-Class-Scanning=true manifest attribute so JMeter can skip classfile scanning
2024-06-13 11:24:18,152 INFO o.a.j.r.ClassFinder: Will scan jar C:\Users\amitd\OneDrive\Desktop\apache-jmeter-5.6.3\apache-jmeter-5.6.3\lib\ext\jmeter-plugins-functions-2.2.jar with filter ExtendsClassFilter [parents=[interface org.apache.jmeter.visualizers.RequestView], inner=false, contains=null, notContains=null]. Consider exposing JMeter plugins via META-INF/services, and add JMeter-Skip-Class-Scanning=true manifest attribute so JMeter can skip classfile scanning
2024-06-13 11:24:18,152 INFO o.a.j.r.ClassFinder: Will scan jar C:\Users\amitd\OneDrive\Desktop\apache-jmeter-5.6.3\apache-jmeter-5.6.3\lib\ext\jmeter-plugins-manager-1.10.jar with filter ExtendsClassFilter [parents=[interface org.apache.jmeter.visualizers.RequestView], inner=false, contains=null, notContains=null]. Consider exposing JMeter plugins via META-INF/services, and add JMeter-Skip-Class-Scanning=true manifest attribute so JMeter can skip classfile scanning
2024-06-13 11:24:18,155 INFO o.a.j.r.ClassFinder: Will scan jar C:\Users\amitd\OneDrive\Desktop\apache-jmeter-5.6.3\apache-jmeter-5.6.3\lib\ext\jmeter-plugins-dummy-0.4.jar with filter ExtendsClassFilter [parents=[interface org.apache.jmeter.visualizers.RequestView], inner=false, contains=null, notContains=null]. Consider exposing JMeter plugins via META-INF/services, and add JMeter-Skip-Class-Scanning=true manifest attribute so JMeter can skip classfile scanning
2024-06-13 11:24:18,157 INFO o.a.j.r.ClassFinder: Will scan jar C:\Users\amitd\OneDrive\Desktop\apache-jmeter-5.6.3\apache-jmeter-5.6.3\lib\ext\jmeter-plugins-manager-1.10 (1).jar with filter ExtendsClassFilter [parents=[interface org.apache.jmeter.visualizers.RequestView], inner=false, contains=null, notContains=null]. Consider exposing JMeter plugins via META-INF/services, and add JMeter-Skip-Class-Scanning=true manifest attribute so JMeter can skip classfile scanning
2024-06-13 11:24:18,290 INFO o.a.j.s.FileServer: Set new base='C:\Users\amitd\OneDrive\Desktop\apache-jmeter-5.6.3\apache-jmeter-5.6.3\bin'
2024-06-13 11:25:15,565 INFO o.a.j.e.StandardJMeterEngine: Running the test!
2024-06-13 11:25:15,566 INFO o.a.j.s.SampleEvent: List of sample_variables: []
2024-06-13 11:25:15,567 INFO o.a.j.s.SampleEvent: List of sample_variables: []
2024-06-13 11:25:15,568 INFO o.a.j.e.u.CompoundVariable: Note: Function class names must contain the string: '.functions.'
2024-06-13 11:25:15,568 INFO o.a.j.e.u.CompoundVariable: Note: Function class names must not contain the string: '.gui.'
2024-06-13 11:25:15,613 INFO o.a.j.r.ClassFinder: Will scan jar C:\Users\amitd\OneDrive\Desktop\apache-jmeter-5.6.3\apache-jmeter-5.6.3\lib\ext\jmeter-parallel-0.12.jar with filter ExtendsClassFilter [parents=[interface org.apache.jmeter.functions.Function], inner=false, contains=null, notContains=null]. Consider exposing JMeter plugins via META-INF/services, and add JMeter-Skip-Class-Scanning=true manifest attribute so JMeter can skip classfile scanning
2024-06-13 11:25:15,614 INFO o.a.j.r.ClassFinder: Will scan jar C:\Users\amitd\OneDrive\Desktop\apache-jmeter-5.6.3\apache-jmeter-5.6.3\lib\ext\jmeter-plugins-functions-2.2.jar with filter ExtendsClassFilter [parents=[interface org.apache.jmeter.functions.Function], inner=false, contains=null, notContains=null]. Consider exposing JMeter plugins via META-INF/services, and add JMeter-Skip-Class-Scanning=true manifest attribute so JMeter can skip classfile scanning
2024-06-13 11:25:15,615 INFO o.a.j.r.ClassFinder: Will scan jar C:\Users\amitd\OneDrive\Desktop\apache-jmeter-5.6.3\apache-jmeter-5.6.3\lib\ext\jmeter-plugins-manager-1.10.jar with filter ExtendsClassFilter [parents=[interface org.apache.jmeter.functions.Function], inner=false, contains=null, notContains=null]. Consider exposing JMeter plugins via META-INF/services, and add JMeter-Skip-Class-Scanning=true manifest attribute so JMeter can skip classfile scanning
2024-06-13 11:25:15,616 INFO o.a.j.r.ClassFinder: Will scan jar C:\Users\amitd\OneDrive\Desktop\apache-jmeter-5.6.3\apache-jmeter-5.6.3\lib\ext\jmeter-plugins-dummy-0.4.jar with filter ExtendsClassFilter [parents=[interface org.apache.jmeter.functions.Function], inner=false, contains=null, notContains=null]. Consider exposing JMeter plugins via META-INF/services, and add JMeter-Skip-Class-Scanning=true manifest attribute so JMeter can skip classfile scanning
2024-06-13 11:25:15,618 INFO o.a.j.r.ClassFinder: Will scan jar C:\Users\amitd\OneDrive\Desktop\apache-jmeter-5.6.3\apache-jmeter-5.6.3\lib\ext\jmeter-plugins-manager-1.10 (1).jar with filter ExtendsClassFilter [parents=[interface org.apache.jmeter.functions.Function], inner=false, contains=null, notContains=null]. Consider exposing JMeter plugins via META-INF/services, and add JMeter-Skip-Class-Scanning=true manifest attribute so JMeter can skip classfile scanning
2024-06-13 11:25:15,624 INFO o.a.j.g.u.JMeterMenuBar: setRunning(true, *local*)
2024-06-13 11:25:15,669 INFO o.a.j.e.StandardJMeterEngine: Starting ThreadGroup: 1 : Thread Group
2024-06-13 11:25:15,669 INFO o.a.j.e.StandardJMeterEngine: Starting 1 threads for group Thread Group.
2024-06-13 11:25:15,669 INFO o.a.j.e.StandardJMeterEngine: Thread will continue on error
2024-06-13 11:25:15,670 INFO o.a.j.t.ThreadGroup: Starting thread group... number=1 threads=1 ramp-up=1 delayedStart=false
2024-06-13 11:25:15,673 INFO o.a.j.t.ThreadGroup: Started thread group number 1
2024-06-13 11:25:15,673 INFO o.a.j.e.StandardJMeterEngine: All thread groups have been started
2024-06-13 11:25:15,677 INFO o.a.j.t.JMeterThread: Thread started: Thread Group 1-1
2024-06-13 11:25:15,679 INFO o.a.j.s.FileServer: Stored: C:/Users/amitd/OneDrive/Desktop/login.txt
2024-06-13 11:25:15,697 INFO o.a.j.p.h.s.HTTPHCAbstractImpl: Local host = AmithDas
2024-06-13 11:25:15,701 INFO o.a.j.p.h.s.HTTPHC4Impl: HTTP request retry count = 0
2024-06-13 11:25:26,901 INFO o.a.j.t.JMeterThread: Stopping because end time detected by thread: Thread Group 1-1
2024-06-13 11:25:26,901 INFO o.a.j.t.JMeterThread: Thread finished: Thread Group 1-1
2024-06-13 11:25:26,909 INFO o.a.j.e.StandardJMeterEngine: Notifying test listeners of end of test
2024-06-13 11:25:26,910 INFO o.a.j.s.FileServer: Close: C:/Users/amitd/OneDrive/Desktop/login.txt
2024-06-13 11:25:26,912 INFO o.a.j.g.u.JMeterMenuBar: setRunning(false, *local*)
2024-06-13 11:26:43,918 INFO o.a.j.r.ClassFinder: Will scan jar C:\Users\amitd\OneDrive\Desktop\apache-jmeter-5.6.3\apache-jmeter-5.6.3\lib\ext\jmeter-parallel-0.12.jar with filter ExtendsClassFilter [parents=[interface org.apache.jmeter.protocol.java.sampler.JavaSamplerClient], inner=false, contains=null, notContains=null]. Consider exposing JMeter plugins via META-INF/services, and add JMeter-Skip-Class-Scanning=true manifest attribute so JMeter can skip classfile scanning
2024-06-13 11:26:43,919 INFO o.a.j.r.ClassFinder: Will scan jar C:\Users\amitd\OneDrive\Desktop\apache-jmeter-5.6.3\apache-jmeter-5.6.3\lib\ext\jmeter-plugins-functions-2.2.jar with filter ExtendsClassFilter [parents=[interface org.apache.jmeter.protocol.java.sampler.JavaSamplerClient], inner=false, contains=null, notContains=null]. Consider exposing JMeter plugins via META-INF/services, and add JMeter-Skip-Class-Scanning=true manifest attribute so JMeter can skip classfile scanning
2024-06-13 11:26:43,919 INFO o.a.j.r.ClassFinder: Will scan jar C:\Users\amitd\OneDrive\Desktop\apache-jmeter-5.6.3\apache-jmeter-5.6.3\lib\ext\jmeter-plugins-manager-1.10.jar with filter ExtendsClassFilter [parents=[interface org.apache.jmeter.protocol.java.sampler.JavaSamplerClient], inner=false, contains=null, notContains=null]. Consider exposing JMeter plugins via META-INF/services, and add JMeter-Skip-Class-Scanning=true manifest attribute so JMeter can skip classfile scanning
2024-06-13 11:26:43,921 INFO o.a.j.r.ClassFinder: Will scan jar C:\Users\amitd\OneDrive\Desktop\apache-jmeter-5.6.3\apache-jmeter-5.6.3\lib\ext\jmeter-plugins-dummy-0.4.jar with filter ExtendsClassFilter [parents=[interface org.apache.jmeter.protocol.java.sampler.JavaSamplerClient], inner=false, contains=null, notContains=null]. Consider exposing JMeter plugins via META-INF/services, and add JMeter-Skip-Class-Scanning=true manifest attribute so JMeter can skip classfile scanning
2024-06-13 11:26:43,922 INFO o.a.j.r.ClassFinder: Will scan jar C:\Users\amitd\OneDrive\Desktop\apache-jmeter-5.6.3\apache-jmeter-5.6.3\lib\ext\jmeter-plugins-manager-1.10 (1).jar with filter ExtendsClassFilter [parents=[interface org.apache.jmeter.protocol.java.sampler.JavaSamplerClient], inner=false, contains=null, notContains=null]. Consider exposing JMeter plugins via META-INF/services, and add JMeter-Skip-Class-Scanning=true manifest attribute so JMeter can skip classfile scanning
2024-06-13 11:26:58,266 INFO o.a.j.r.ClassFinder: Will scan jar C:\Users\amitd\OneDrive\Desktop\apache-jmeter-5.6.3\apache-jmeter-5.6.3\lib\ext\jmeter-parallel-0.12.jar with filter ExtendsClassFilter [parents=[interface org.apache.jmeter.visualizers.ResultRenderer], inner=false, contains=null, notContains=null]. Consider exposing JMeter plugins via META-INF/services, and add JMeter-Skip-Class-Scanning=true manifest attribute so JMeter can skip classfile scanning
2024-06-13 11:26:58,268 INFO o.a.j.r.ClassFinder: Will scan jar C:\Users\amitd\OneDrive\Desktop\apache-jmeter-5.6.3\apache-jmeter-5.6.3\lib\ext\jmeter-plugins-functions-2.2.jar with filter ExtendsClassFilter [parents=[interface org.apache.jmeter.visualizers.ResultRenderer], inner=false, contains=null, notContains=null]. Consider exposing JMeter plugins via META-INF/services, and add JMeter-Skip-Class-Scanning=true manifest attribute so JMeter can skip classfile scanning
2024-06-13 11:26:58,268 INFO o.a.j.r.ClassFinder: Will scan jar C:\Users\amitd\OneDrive\Desktop\apache-jmeter-5.6.3\apache-jmeter-5.6.3\lib\ext\jmeter-plugins-manager-1.10.jar with filter ExtendsClassFilter [parents=[interface org.apache.jmeter.visualizers.ResultRenderer], inner=false, contains=null, notContains=null]. Consider exposing JMeter plugins via META-INF/services, and add JMeter-Skip-Class-Scanning=true manifest attribute so JMeter can skip classfile scanning
2024-06-13 11:26:58,271 INFO o.a.j.r.ClassFinder: Will scan jar C:\Users\amitd\OneDrive\Desktop\apache-jmeter-5.6.3\apache-jmeter-5.6.3\lib\ext\jmeter-plugins-dummy-0.4.jar with filter ExtendsClassFilter [parents=[interface org.apache.jmeter.visualizers.ResultRenderer], inner=false, contains=null, notContains=null]. Consider exposing JMeter plugins via META-INF/services, and add JMeter-Skip-Class-Scanning=true manifest attribute so JMeter can skip classfile scanning
2024-06-13 11:26:58,273 INFO o.a.j.r.ClassFinder: Will scan jar C:\Users\amitd\OneDrive\Desktop\apache-jmeter-5.6.3\apache-jmeter-5.6.3\lib\ext\jmeter-plugins-manager-1.10 (1).jar with filter ExtendsClassFilter [parents=[interface org.apache.jmeter.visualizers.ResultRenderer], inner=false, contains=null, notContains=null]. Consider exposing JMeter plugins via META-INF/services, and add JMeter-Skip-Class-Scanning=true manifest attribute so JMeter can skip classfile scanning
2024-06-13 11:26:58,294 INFO o.a.j.r.ClassFinder: Will scan jar C:\Users\amitd\OneDrive\Desktop\apache-jmeter-5.6.3\apache-jmeter-5.6.3\lib\ext\jmeter-parallel-0.12.jar with filter ExtendsClassFilter [parents=[interface org.apache.jmeter.visualizers.RequestView], inner=false, contains=null, notContains=null]. Consider exposing JMeter plugins via META-INF/services, and add JMeter-Skip-Class-Scanning=true manifest attribute so JMeter can skip classfile scanning
2024-06-13 11:26:58,295 INFO o.a.j.r.ClassFinder: Will scan jar C:\Users\amitd\OneDrive\Desktop\apache-jmeter-5.6.3\apache-jmeter-5.6.3\lib\ext\jmeter-plugins-functions-2.2.jar with filter ExtendsClassFilter [parents=[interface org.apache.jmeter.visualizers.RequestView], inner=false, contains=null, notContains=null]. Consider exposing JMeter plugins via META-INF/services, and add JMeter-Skip-Class-Scanning=true manifest attribute so JMeter can skip classfile scanning
2024-06-13 11:26:58,296 INFO o.a.j.r.ClassFinder: Will scan jar C:\Users\amitd\OneDrive\Desktop\apache-jmeter-5.6.3\apache-jmeter-5.6.3\lib\ext\jmeter-plugins-manager-1.10.jar with filter ExtendsClassFilter [parents=[interface org.apache.jmeter.visualizers.RequestView], inner=false, contains=null, notContains=null]. Consider exposing JMeter plugins via META-INF/services, and add JMeter-Skip-Class-Scanning=true manifest attribute so JMeter can skip classfile scanning
2024-06-13 11:26:58,298 INFO o.a.j.r.ClassFinder: Will scan jar C:\Users\amitd\OneDrive\Desktop\apache-jmeter-5.6.3\apache-jmeter-5.6.3\lib\ext\jmeter-plugins-dummy-0.4.jar with filter ExtendsClassFilter [parents=[interface org.apache.jmeter.visualizers.RequestView], inner=false, contains=null, notContains=null]. Consider exposing JMeter plugins via META-INF/services, and add JMeter-Skip-Class-Scanning=true manifest attribute so JMeter can skip classfile scanning
2024-06-13 11:26:58,299 INFO o.a.j.r.ClassFinder: Will scan jar C:\Users\amitd\OneDrive\Desktop\apache-jmeter-5.6.3\apache-jmeter-5.6.3\lib\ext\jmeter-plugins-manager-1.10 (1).jar with filter ExtendsClassFilter [parents=[interface org.apache.jmeter.visualizers.RequestView], inner=false, contains=null, notContains=null]. Consider exposing JMeter plugins via META-INF/services, and add JMeter-Skip-Class-Scanning=true manifest attribute so JMeter can skip classfile scanning
2024-06-13 11:27:43,098 INFO o.a.j.e.StandardJMeterEngine: Running the test!
2024-06-13 11:27:43,100 INFO o.a.j.s.SampleEvent: List of sample_variables: []
2024-06-13 11:27:43,102 INFO o.a.j.p.j.s.JavaSampler: Created class: org.apache.jmeter.protocol.java.test.JavaTest. Uses tearDownTest: 
2024-06-13 11:27:43,102 INFO o.a.j.p.j.s.JavaSampler: Created class: org.apache.jmeter.protocol.java.test.JavaTest. Uses tearDownTest: 
2024-06-13 11:27:43,102 INFO o.a.j.p.j.s.JavaSampler: Created class: org.apache.jmeter.protocol.java.test.JavaTest. Uses tearDownTest: 
2024-06-13 11:27:43,102 INFO o.a.j.g.u.JMeterMenuBar: setRunning(true, *local*)
2024-06-13 11:27:43,159 INFO o.a.j.e.StandardJMeterEngine: Starting ThreadGroup: 1 : Thread Group
2024-06-13 11:27:43,160 INFO o.a.j.e.StandardJMeterEngine: Starting 1 threads for group Thread Group.
2024-06-13 11:27:43,160 INFO o.a.j.e.StandardJMeterEngine: Thread will continue on error
2024-06-13 11:27:43,160 INFO o.a.j.t.ThreadGroup: Starting thread group... number=1 threads=1 ramp-up=1 delayedStart=false
2024-06-13 11:27:43,161 INFO o.a.j.t.ThreadGroup: Started thread group number 1
2024-06-13 11:27:43,161 INFO o.a.j.e.StandardJMeterEngine: All thread groups have been started
2024-06-13 11:27:43,161 INFO o.a.j.t.JMeterThread: Thread started: Thread Group 1-1
2024-06-13 11:27:43,161 ERROR o.a.j.t.JMeterThread: Test failed!
java.lang.IllegalArgumentException: Filename must not be null or empty
	at org.apache.jmeter.services.FileServer.reserveFile(FileServer.java:256) ~[ApacheJMeter_core.jar:5.6.3]
	at org.apache.jmeter.config.CSVDataSet.initVars(CSVDataSet.java:208) ~[ApacheJMeter_components.jar:5.6.3]
	at org.apache.jmeter.config.CSVDataSet.iterationStart(CSVDataSet.java:171) ~[ApacheJMeter_components.jar:5.6.3]
	at org.apache.jmeter.control.GenericController.fireIterationStart(GenericController.java:412) ~[ApacheJMeter_core.jar:5.6.3]
	at org.apache.jmeter.control.GenericController.fireIterEvents(GenericController.java:404) ~[ApacheJMeter_core.jar:5.6.3]
	at org.apache.jmeter.control.GenericController.next(GenericController.java:170) ~[ApacheJMeter_core.jar:5.6.3]
	at org.apache.jmeter.control.LoopController.next(LoopController.java:119) ~[ApacheJMeter_core.jar:5.6.3]
	at org.apache.jmeter.threads.AbstractThreadGroup.next(AbstractThreadGroup.java:109) ~[ApacheJMeter_core.jar:5.6.3]
	at org.apache.jmeter.threads.JMeterThread.run(JMeterThread.java:266) ~[ApacheJMeter_core.jar:5.6.3]
	at java.base/java.lang.Thread.run(Thread.java:1583) [?:?]
2024-06-13 11:27:43,227 INFO o.a.j.t.JMeterThread: Thread finished: Thread Group 1-1
2024-06-13 11:27:43,228 INFO o.a.j.e.StandardJMeterEngine: Notifying test listeners of end of test
2024-06-13 11:27:43,228 INFO o.a.j.g.u.JMeterMenuBar: setRunning(false, *local*)
2024-06-13 11:27:50,932 INFO o.a.j.e.StandardJMeterEngine: Running the test!
2024-06-13 11:27:50,934 INFO o.a.j.s.SampleEvent: List of sample_variables: []
2024-06-13 11:27:50,935 INFO o.a.j.p.j.s.JavaSampler: Created class: org.apache.jmeter.protocol.java.test.JavaTest. Uses tearDownTest: 
2024-06-13 11:27:50,935 INFO o.a.j.p.j.s.JavaSampler: Created class: org.apache.jmeter.protocol.java.test.JavaTest. Uses tearDownTest: 
2024-06-13 11:27:50,935 INFO o.a.j.p.j.s.JavaSampler: Created class: org.apache.jmeter.protocol.java.test.JavaTest. Uses tearDownTest: 
2024-06-13 11:27:50,938 INFO o.a.j.g.u.JMeterMenuBar: setRunning(true, *local*)
2024-06-13 11:27:50,998 INFO o.a.j.e.StandardJMeterEngine: Starting ThreadGroup: 1 : Thread Group
2024-06-13 11:27:51,000 INFO o.a.j.e.StandardJMeterEngine: Starting 1 threads for group Thread Group.
2024-06-13 11:27:51,000 INFO o.a.j.e.StandardJMeterEngine: Thread will continue on error
2024-06-13 11:27:51,000 INFO o.a.j.t.ThreadGroup: Starting thread group... number=1 threads=1 ramp-up=1 delayedStart=false
2024-06-13 11:27:51,001 INFO o.a.j.t.ThreadGroup: Started thread group number 1
2024-06-13 11:27:51,001 INFO o.a.j.e.StandardJMeterEngine: All thread groups have been started
2024-06-13 11:27:51,002 INFO o.a.j.t.JMeterThread: Thread started: Thread Group 1-1
2024-06-13 11:27:51,002 ERROR o.a.j.t.JMeterThread: Test failed!
java.lang.IllegalArgumentException: Filename must not be null or empty
	at org.apache.jmeter.services.FileServer.reserveFile(FileServer.java:256) ~[ApacheJMeter_core.jar:5.6.3]
	at org.apache.jmeter.config.CSVDataSet.initVars(CSVDataSet.java:208) ~[ApacheJMeter_components.jar:5.6.3]
	at org.apache.jmeter.config.CSVDataSet.iterationStart(CSVDataSet.java:171) ~[ApacheJMeter_components.jar:5.6.3]
	at org.apache.jmeter.control.GenericController.fireIterationStart(GenericController.java:412) ~[ApacheJMeter_core.jar:5.6.3]
	at org.apache.jmeter.control.GenericController.fireIterEvents(GenericController.java:404) ~[ApacheJMeter_core.jar:5.6.3]
	at org.apache.jmeter.control.GenericController.next(GenericController.java:170) ~[ApacheJMeter_core.jar:5.6.3]
	at org.apache.jmeter.control.LoopController.next(LoopController.java:119) ~[ApacheJMeter_core.jar:5.6.3]
	at org.apache.jmeter.threads.AbstractThreadGroup.next(AbstractThreadGroup.java:109) ~[ApacheJMeter_core.jar:5.6.3]
	at org.apache.jmeter.threads.JMeterThread.run(JMeterThread.java:266) ~[ApacheJMeter_core.jar:5.6.3]
	at java.base/java.lang.Thread.run(Thread.java:1583) [?:?]
2024-06-13 11:27:51,003 INFO o.a.j.t.JMeterThread: Thread finished: Thread Group 1-1
2024-06-13 11:27:51,003 INFO o.a.j.e.StandardJMeterEngine: Notifying test listeners of end of test
2024-06-13 11:27:51,003 INFO o.a.j.g.u.JMeterMenuBar: setRunning(false, *local*)
2024-06-13 11:28:45,686 INFO o.a.j.e.StandardJMeterEngine: Running the test!
2024-06-13 11:28:45,687 INFO o.a.j.s.SampleEvent: List of sample_variables: []
2024-06-13 11:28:45,692 INFO o.a.j.p.j.s.JavaSampler: Created class: org.apache.jmeter.protocol.java.test.JavaTest. Uses tearDownTest: 
2024-06-13 11:28:45,694 INFO o.a.j.p.j.s.JavaSampler: Created class: org.apache.jmeter.protocol.java.test.JavaTest. Uses tearDownTest: 
2024-06-13 11:28:45,694 INFO o.a.j.p.j.s.JavaSampler: Created class: org.apache.jmeter.protocol.java.test.JavaTest. Uses tearDownTest: 
2024-06-13 11:28:45,694 INFO o.a.j.g.u.JMeterMenuBar: setRunning(true, *local*)
2024-06-13 11:28:45,750 INFO o.a.j.e.StandardJMeterEngine: Starting ThreadGroup: 1 : Thread Group
2024-06-13 11:28:45,750 INFO o.a.j.e.StandardJMeterEngine: Starting 1 threads for group Thread Group.
2024-06-13 11:28:45,750 INFO o.a.j.e.StandardJMeterEngine: Thread will continue on error
2024-06-13 11:28:45,751 INFO o.a.j.t.ThreadGroup: Starting thread group... number=1 threads=1 ramp-up=1 delayedStart=false
2024-06-13 11:28:45,752 INFO o.a.j.t.ThreadGroup: Started thread group number 1
2024-06-13 11:28:45,752 INFO o.a.j.e.StandardJMeterEngine: All thread groups have been started
2024-06-13 11:28:45,753 INFO o.a.j.t.JMeterThread: Thread started: Thread Group 1-1
2024-06-13 11:28:45,754 ERROR o.a.j.t.JMeterThread: Test failed!
java.lang.IllegalArgumentException: Filename must not be null or empty
	at org.apache.jmeter.services.FileServer.reserveFile(FileServer.java:256) ~[ApacheJMeter_core.jar:5.6.3]
	at org.apache.jmeter.config.CSVDataSet.initVars(CSVDataSet.java:208) ~[ApacheJMeter_components.jar:5.6.3]
	at org.apache.jmeter.config.CSVDataSet.iterationStart(CSVDataSet.java:171) ~[ApacheJMeter_components.jar:5.6.3]
	at org.apache.jmeter.control.GenericController.fireIterationStart(GenericController.java:412) ~[ApacheJMeter_core.jar:5.6.3]
	at org.apache.jmeter.control.GenericController.fireIterEvents(GenericController.java:404) ~[ApacheJMeter_core.jar:5.6.3]
	at org.apache.jmeter.control.GenericController.next(GenericController.java:170) ~[ApacheJMeter_core.jar:5.6.3]
	at org.apache.jmeter.control.LoopController.next(LoopController.java:119) ~[ApacheJMeter_core.jar:5.6.3]
	at org.apache.jmeter.threads.AbstractThreadGroup.next(AbstractThreadGroup.java:109) ~[ApacheJMeter_core.jar:5.6.3]
	at org.apache.jmeter.threads.JMeterThread.run(JMeterThread.java:266) ~[ApacheJMeter_core.jar:5.6.3]
	at java.base/java.lang.Thread.run(Thread.java:1583) [?:?]
2024-06-13 11:28:45,754 INFO o.a.j.t.JMeterThread: Thread finished: Thread Group 1-1
2024-06-13 11:28:45,755 INFO o.a.j.e.StandardJMeterEngine: Notifying test listeners of end of test
2024-06-13 11:28:45,755 INFO o.a.j.g.u.JMeterMenuBar: setRunning(false, *local*)
2024-06-13 11:29:07,467 INFO o.a.j.e.StandardJMeterEngine: Running the test!
2024-06-13 11:29:07,468 INFO o.a.j.s.SampleEvent: List of sample_variables: []
2024-06-13 11:29:07,468 INFO o.a.j.p.j.s.JavaSampler: Created class: org.apache.jmeter.protocol.java.test.JavaTest. Uses tearDownTest: 
2024-06-13 11:29:07,468 INFO o.a.j.p.j.s.JavaSampler: Created class: org.apache.jmeter.protocol.java.test.JavaTest. Uses tearDownTest: 
2024-06-13 11:29:07,469 INFO o.a.j.p.j.s.JavaSampler: Created class: org.apache.jmeter.protocol.java.test.JavaTest. Uses tearDownTest: 
2024-06-13 11:29:07,470 INFO o.a.j.g.u.JMeterMenuBar: setRunning(true, *local*)
2024-06-13 11:29:07,529 INFO o.a.j.e.StandardJMeterEngine: Starting ThreadGroup: 1 : Thread Group
2024-06-13 11:29:07,529 INFO o.a.j.e.StandardJMeterEngine: Starting 1 threads for group Thread Group.
2024-06-13 11:29:07,529 INFO o.a.j.e.StandardJMeterEngine: Thread will continue on error
2024-06-13 11:29:07,530 INFO o.a.j.t.ThreadGroup: Starting thread group... number=1 threads=1 ramp-up=1 delayedStart=false
2024-06-13 11:29:07,530 INFO o.a.j.t.ThreadGroup: Started thread group number 1
2024-06-13 11:29:07,530 INFO o.a.j.e.StandardJMeterEngine: All thread groups have been started
2024-06-13 11:29:07,531 INFO o.a.j.t.JMeterThread: Thread started: Thread Group 1-1
2024-06-13 11:29:08,191 INFO o.a.j.t.JMeterThread: Thread is done: Thread Group 1-1
2024-06-13 11:29:08,192 INFO o.a.j.t.JMeterThread: Thread finished: Thread Group 1-1
2024-06-13 11:29:08,198 INFO o.a.j.e.StandardJMeterEngine: Notifying test listeners of end of test
2024-06-13 11:29:08,199 INFO o.a.j.g.u.JMeterMenuBar: setRunning(false, *local*)
2024-06-13 11:29:38,297 INFO o.a.j.s.FileServer: Set new base='C:\Users\amitd\OneDrive\Desktop\apache-jmeter-5.6.3\apache-jmeter-5.6.3\bin'
